<?xml version="1.0" encoding="UTF-8"?>
<!-- Generated by org.testng.reporters.JUnitXMLReporter -->
<testsuite ignored="0" hostname="R50000199" failures="0" tests="3" name="Default test" time="148.127" errors="0" timestamp="2022-11-23T01:53:40 BDT">
  <testcase classname="webstaurant.com.tests.Test_webstaurant" name="search_work_table" time="106.486"/>
  <testcase classname="webstaurant.com.tests.Test_webstaurant" name="add_last_item_to_cart" time="12.135"/>
  <testcase classname="webstaurant.com.tests.Test_webstaurant" name="clear_cart_items" time="0.981"/>
</testsuite> <!-- Default test -->
