<?xml version="1.0" encoding="UTF-8"?>
<testng-results ignored="0" total="3" passed="3" failed="0" skipped="0">
  <reporter-output>
  </reporter-output>
  <suite started-at="2022-11-23T01:51:12 BDT" name="Default suite" finished-at="2022-11-23T01:53:40 BDT" duration-ms="148127">
    <groups>
    </groups>
    <test started-at="2022-11-23T01:51:12 BDT" name="Default test" finished-at="2022-11-23T01:53:40 BDT" duration-ms="148127">
      <class name="webstaurant.com.tests.Test_webstaurant">
        <test-method is-config="true" signature="BeforeTest()[pri:0, instance:webstaurant.com.tests.Test_webstaurant@69f63d95]" started-at="2022-11-23T01:51:12 BDT" name="BeforeTest" finished-at="2022-11-23T01:51:24 BDT" duration-ms="12212" status="PASS">
          <reporter-output>
          </reporter-output>
        </test-method> <!-- BeforeTest -->
        <test-method signature="search_work_table()[pri:1, instance:webstaurant.com.tests.Test_webstaurant@69f63d95]" started-at="2022-11-23T01:51:24 BDT" name="search_work_table" finished-at="2022-11-23T01:53:10 BDT" duration-ms="106486" status="PASS">
          <reporter-output>
          </reporter-output>
        </test-method> <!-- search_work_table -->
        <test-method signature="add_last_item_to_cart()[pri:2, instance:webstaurant.com.tests.Test_webstaurant@69f63d95]" started-at="2022-11-23T01:53:10 BDT" name="add_last_item_to_cart" finished-at="2022-11-23T01:53:23 BDT" duration-ms="12135" status="PASS">
          <reporter-output>
          </reporter-output>
        </test-method> <!-- add_last_item_to_cart -->
        <test-method signature="clear_cart_items()[pri:3, instance:webstaurant.com.tests.Test_webstaurant@69f63d95]" started-at="2022-11-23T01:53:23 BDT" name="clear_cart_items" finished-at="2022-11-23T01:53:24 BDT" duration-ms="981" status="PASS">
          <reporter-output>
          </reporter-output>
        </test-method> <!-- clear_cart_items -->
        <test-method is-config="true" signature="AfterTest()[pri:0, instance:webstaurant.com.tests.Test_webstaurant@69f63d95]" started-at="2022-11-23T01:53:24 BDT" name="AfterTest" finished-at="2022-11-23T01:53:40 BDT" duration-ms="16277" status="PASS">
          <reporter-output>
          </reporter-output>
        </test-method> <!-- AfterTest -->
      </class> <!-- webstaurant.com.tests.Test_webstaurant -->
    </test> <!-- Default test -->
  </suite> <!-- Default suite -->
</testng-results>
